c:\users\john\desktop\render\render\debug\render.pch
c:\users\john\desktop\render\render\debug\vc120.pdb
c:\users\john\desktop\render\render\debug\vc120.idb
c:\users\john\desktop\render\render\debug\stdafx.obj
c:\users\john\desktop\render\render\debug\camera.obj
c:\users\john\desktop\render\render\debug\color.obj
c:\users\john\desktop\render\render\debug\device.obj
c:\users\john\desktop\render\render\debug\line.obj
c:\users\john\desktop\render\render\debug\math.obj
c:\users\john\desktop\render\render\debug\mesh.obj
c:\users\john\desktop\render\render\debug\render.obj
c:\users\john\desktop\render\render\debug\scanline.obj
c:\users\john\desktop\render\render\debug\transform.obj
c:\users\john\desktop\render\render\debug\trapezoid.obj
c:\users\john\desktop\render\render\debug\triangle.obj
c:\users\john\desktop\render\render\debug\vertex.obj
c:\users\john\desktop\render\render\debug\window.obj
c:\users\john\desktop\render\debug\render.ilk
c:\users\john\desktop\render\debug\render.exe
c:\users\john\desktop\render\debug\render.pdb
c:\users\john\desktop\render\render\debug\render.tlog\cl.command.1.tlog
c:\users\john\desktop\render\render\debug\render.tlog\cl.read.1.tlog
c:\users\john\desktop\render\render\debug\render.tlog\cl.write.1.tlog
c:\users\john\desktop\render\render\debug\render.tlog\link.command.1.tlog
c:\users\john\desktop\render\render\debug\render.tlog\link.read.1.tlog
c:\users\john\desktop\render\render\debug\render.tlog\link.write.1.tlog
