生成启动时间为 2017/5/3 16:04:11。
     1>项目“C:\Users\john\Desktop\Render\Render\Render.vcxproj”在节点 2 上(Build 个目标)。
     1>InitializeBuildStatus:
         正在创建“Debug\Render.tlog\unsuccessfulbuild”，因为已指定“AlwaysCreate”。
       ClCompile:
         所有输出均为最新。
         G:\Microsoft Visual Studio 2013\VC\bin\CL.exe /c /ZI /nologo /W3 /WX- /sdl /Od /Oy- /D WIN32 /D _DEBUG /D _CONSOLE /D _LIB /D _UNICODE /D UNICODE /Gm /EHsc /RTC1 /MDd /GS /Zc:wchar_t /Zc:forScope /Yu"stdafx.h" /Fp"Debug\Render.pch" /Fo"Debug\\" /Fd"Debug\vc120.pdb" /Gd /TP /analyze- /errorReport:prompt Render.cpp Window.cpp
         Window.cpp
         正在生成代码...
         正在跳过...(未检测到相关更改)
         Render.cpp
       Link:
         G:\Microsoft Visual Studio 2013\VC\bin\link.exe /ERRORREPORT:PROMPT /OUT:"C:\Users\john\Desktop\Render\Debug\Render.exe" /INCREMENTAL /NOLOGO kernel32.lib user32.lib gdi32.lib winspool.lib comdlg32.lib advapi32.lib shell32.lib ole32.lib oleaut32.lib uuid.lib odbc32.lib odbccp32.lib /MANIFEST /MANIFESTUAC:"level='asInvoker' uiAccess='false'" /manifest:embed /DEBUG /PDB:"C:\Users\john\Desktop\Render\Debug\Render.pdb" /SUBSYSTEM:CONSOLE /TLBID:1 /DYNAMICBASE /NXCOMPAT /IMPLIB:"C:\Users\john\Desktop\Render\Debug\Render.lib" /MACHINE:X86 Debug\Camera.obj
         Debug\Color.obj
         Debug\Device.obj
         Debug\Line.obj
         Debug\Math.obj
         Debug\Mesh.obj
         Debug\Render.obj
         Debug\Scanline.obj
         Debug\stdafx.obj
         Debug\Transform.obj
         Debug\Trapezoid.obj
         Debug\Triangle.obj
         Debug\Vertex.obj
         Debug\Window.obj
         Render.vcxproj -> C:\Users\john\Desktop\Render\Debug\Render.exe
       FinalizeBuildStatus:
         正在删除文件“Debug\Render.tlog\unsuccessfulbuild”。
         正在对“Debug\Render.tlog\Render.lastbuildstate”执行 Touch 任务。
     1>已完成生成项目“C:\Users\john\Desktop\Render\Render\Render.vcxproj”(Build 个目标)的操作。

生成成功。

已用时间 00:00:01.37
