生成启动时间为 2017/5/3 16:49:34。
     1>项目“C:\Users\john\Desktop\Render\Render\Render.vcxproj”在节点 2 上(Build 个目标)。
     1>InitializeBuildStatus:
         正在创建“Release\Render.tlog\unsuccessfulbuild”，因为已指定“AlwaysCreate”。
       ClCompile:
         所有输出均为最新。
         G:\Microsoft Visual Studio 2013\VC\bin\CL.exe /c /Zi /nologo /W3 /WX- /sdl /O2 /Oi /Oy- /GL /D WIN32 /D NDEBUG /D _CONSOLE /D _LIB /D _UNICODE /D UNICODE /Gm- /EHsc /MD /GS /Gy /Zc:wchar_t /Zc:forScope /Yu"stdafx.h" /Fp"Release\Render.pch" /Fo"Release\\" /Fd"Release\vc120.pdb" /Gd /TP /analyze- /errorReport:prompt Render.cpp
         Render.cpp
       Link:
         G:\Microsoft Visual Studio 2013\VC\bin\link.exe /ERRORREPORT:PROMPT /OUT:"C:\Users\john\Desktop\Render\Release\Render.exe" /INCREMENTAL:NO /NOLOGO kernel32.lib user32.lib gdi32.lib winspool.lib comdlg32.lib advapi32.lib shell32.lib ole32.lib oleaut32.lib uuid.lib odbc32.lib odbccp32.lib /MANIFEST /MANIFESTUAC:"level='asInvoker' uiAccess='false'" /manifest:embed /DEBUG /PDB:"C:\Users\john\Desktop\Render\Release\Render.pdb" /SUBSYSTEM:CONSOLE /OPT:REF /OPT:ICF /LTCG /TLBID:1 /DYNAMICBASE /NXCOMPAT /IMPLIB:"C:\Users\john\Desktop\Render\Release\Render.lib" /MACHINE:X86 /SAFESEH Release\Camera.obj
         Release\Color.obj
         Release\Device.obj
         Release\Line.obj
         Release\Math.obj
         Release\Mesh.obj
         Release\Render.obj
         Release\Scanline.obj
         Release\stdafx.obj
         Release\Transform.obj
         Release\Trapezoid.obj
         Release\Triangle.obj
         Release\Vertex.obj
         Release\Window.obj
         正在生成代码
         已完成代码的生成
         Render.vcxproj -> C:\Users\john\Desktop\Render\Release\Render.exe
       FinalizeBuildStatus:
         正在删除文件“Release\Render.tlog\unsuccessfulbuild”。
         正在对“Release\Render.tlog\Render.lastbuildstate”执行 Touch 任务。
     1>已完成生成项目“C:\Users\john\Desktop\Render\Render\Render.vcxproj”(Build 个目标)的操作。

生成成功。

已用时间 00:00:01.30
